
[2025-05-11T11:58:36+05:30] // ISO format in IST
Status: Failed
StatusCode: 500
Message: Assignment to constant variable.
Stack: Error: Assignment to constant variable.
    at appError (C:\Users\akhil\Downloads\Famto_Backend_Native\utils\appError.js:2:13)
    at downloadOrdersCSVByAdminController (C:\Users\akhil\Downloads\Famto_Backend_Native\controllers\admin\order\adminOrderController.js:847:10)
    at Layer.handle [as handle_request] (C:\Users\akhil\Downloads\Famto_Backend_Native\node_modules\express\lib\router\layer.js:95:5)
    at next (C:\Users\akhil\Downloads\Famto_Backend_Native\node_modules\express\lib\router\route.js:149:13)
    at isAdmin (C:\Users\akhil\Downloads\Famto_Backend_Native\middlewares\isAdmin.js:24:14)
    at process.processTicksAndRejections (node:internal/process/task_queues:95:5)
URL: /api/v1/orders/admin/download-csv?type=order&startDate=2025-05-09T18:30:00.000Z&endDate=2025-05-09T18:30:00.000Z&orderId=
Method: GET
IP: ::1
--------------------------------------------------------

[2025-05-11T11:59:36+05:30] // ISO format in IST
Status: Failed
StatusCode: 500
Message: Assignment to constant variable.
Stack: Error: Assignment to constant variable.
    at appError (C:\Users\akhil\Downloads\Famto_Backend_Native\utils\appError.js:2:13)
    at downloadOrdersCSVByAdminController (C:\Users\akhil\Downloads\Famto_Backend_Native\controllers\admin\order\adminOrderController.js:847:10)
    at Layer.handle [as handle_request] (C:\Users\akhil\Downloads\Famto_Backend_Native\node_modules\express\lib\router\layer.js:95:5)
    at next (C:\Users\akhil\Downloads\Famto_Backend_Native\node_modules\express\lib\router\route.js:149:13)
    at isAdmin (C:\Users\akhil\Downloads\Famto_Backend_Native\middlewares\isAdmin.js:24:14)
    at process.processTicksAndRejections (node:internal/process/task_queues:95:5)
URL: /api/v1/orders/admin/download-csv?type=order&startDate=2025-05-09T18:30:00.000Z&endDate=2025-05-09T18:30:00.000Z&orderId=
Method: GET
IP: ::1
--------------------------------------------------------

[2025-05-11T11:59:51+05:30] // ISO format in IST
Status: Failed
StatusCode: 500
Message: Assignment to constant variable.
Stack: Error: Assignment to constant variable.
    at appError (C:\Users\akhil\Downloads\Famto_Backend_Native\utils\appError.js:2:13)
    at downloadOrdersCSVByAdminController (C:\Users\akhil\Downloads\Famto_Backend_Native\controllers\admin\order\adminOrderController.js:847:10)
    at Layer.handle [as handle_request] (C:\Users\akhil\Downloads\Famto_Backend_Native\node_modules\express\lib\router\layer.js:95:5)
    at next (C:\Users\akhil\Downloads\Famto_Backend_Native\node_modules\express\lib\router\route.js:149:13)
    at isAdmin (C:\Users\akhil\Downloads\Famto_Backend_Native\middlewares\isAdmin.js:24:14)
    at process.processTicksAndRejections (node:internal/process/task_queues:95:5)
URL: /api/v1/orders/admin/download-csv?type=order&startDate=2025-05-09T18:30:00.000Z&endDate=2025-05-09T18:30:00.000Z&orderId=
Method: GET
IP: ::1
--------------------------------------------------------

[2025-05-11T12:00:24+05:30] // ISO format in IST
Status: Failed
StatusCode: 500
Message: Assignment to constant variable.
Stack: Error: Assignment to constant variable.
    at appError (C:\Users\akhil\Downloads\Famto_Backend_Native\utils\appError.js:2:13)
    at downloadOrdersCSVByAdminController (C:\Users\akhil\Downloads\Famto_Backend_Native\controllers\admin\order\adminOrderController.js:847:10)
    at Layer.handle [as handle_request] (C:\Users\akhil\Downloads\Famto_Backend_Native\node_modules\express\lib\router\layer.js:95:5)
    at next (C:\Users\akhil\Downloads\Famto_Backend_Native\node_modules\express\lib\router\route.js:149:13)
    at isAdmin (C:\Users\akhil\Downloads\Famto_Backend_Native\middlewares\isAdmin.js:24:14)
    at process.processTicksAndRejections (node:internal/process/task_queues:95:5)
URL: /api/v1/orders/admin/download-csv?type=order&startDate=2025-05-09T18:30:00.000Z&endDate=2025-05-09T18:30:00.000Z&orderId=
Method: GET
IP: ::1
--------------------------------------------------------

[2025-05-11T20:21:06+05:30] // ISO format in IST
Status: Failed
StatusCode: 404
Message: Invalid refresh token or user not found
Stack: Error: Invalid refresh token or user not found
    at appError (C:\Users\akhil\Downloads\Famto_Backend_Native\utils\appError.js:2:13)
    at refreshTokenController (C:\Users\akhil\Downloads\Famto_Backend_Native\controllers\admin\authController.js:132:19)
    at process.processTicksAndRejections (node:internal/process/task_queues:95:5)
URL: /api/v1/auth/refresh-token
Method: POST
IP: ::1
--------------------------------------------------------
