
[2025-05-07T21:33:21+05:30] // ISO format in IST
Status: Failed
StatusCode: 500
Message: Customer is outside the listed geofences
Stack: Error: Customer is outside the listed geofences
    at appError (D:\Famto_Works\Famto_Backend_Native\utils\appError.js:2:13)
    at getAllBusinessCategoryController (D:\Famto_Works\Famto_Backend_Native\controllers\customer\universalOrderController.js:72:19)
    at process.processTicksAndRejections (node:internal/process/task_queues:105:5)
URL: /api/v1/customers/all-business-categories?query=
Method: POST
IP: ::ffff:192.168.1.4
--------------------------------------------------------

[2025-05-07T21:33:23+05:30] // ISO format in IST
Status: Failed
StatusCode: 500
Message: Customer is outside the listed geofences
Stack: Error: Customer is outside the listed geofences
    at appError (D:\Famto_Works\Famto_Backend_Native\utils\appError.js:2:13)
    at getAllBusinessCategoryController (D:\Famto_Works\Famto_Backend_Native\controllers\customer\universalOrderController.js:72:19)
    at process.processTicksAndRejections (node:internal/process/task_queues:105:5)
URL: /api/v1/customers/all-business-categories?query=
Method: POST
IP: ::ffff:192.168.1.4
--------------------------------------------------------

[2025-05-07T21:35:53+05:30] // ISO format in IST
Status: Failed
StatusCode: 400
Message: Selected location is outside our geofence
Stack: Error: Selected location is outside our geofence
    at appError (D:\Famto_Works\Famto_Backend_Native\utils\appError.js:2:13)
    at setSelectedGeofence (D:\Famto_Works\Famto_Backend_Native\controllers\customer\customerController.js:158:19)
    at process.processTicksAndRejections (node:internal/process/task_queues:105:5)
URL: /api/v1/customers/set-geofence
Method: POST
IP: ::ffff:192.168.1.4
--------------------------------------------------------

[2025-05-07T21:35:58+05:30] // ISO format in IST
Status: Failed
StatusCode: 400
Message: Selected location is outside our geofence
Stack: Error: Selected location is outside our geofence
    at appError (D:\Famto_Works\Famto_Backend_Native\utils\appError.js:2:13)
    at setSelectedGeofence (D:\Famto_Works\Famto_Backend_Native\controllers\customer\customerController.js:158:19)
    at process.processTicksAndRejections (node:internal/process/task_queues:105:5)
URL: /api/v1/customers/set-geofence
Method: POST
IP: ::ffff:192.168.1.4
--------------------------------------------------------

[2025-05-07T21:36:29+05:30] // ISO format in IST
Status: Failed
StatusCode: 400
Message: Selected location is outside our geofence
Stack: Error: Selected location is outside our geofence
    at appError (D:\Famto_Works\Famto_Backend_Native\utils\appError.js:2:13)
    at setSelectedGeofence (D:\Famto_Works\Famto_Backend_Native\controllers\customer\customerController.js:158:19)
    at process.processTicksAndRejections (node:internal/process/task_queues:105:5)
URL: /api/v1/customers/set-geofence
Method: POST
IP: ::ffff:192.168.1.4
--------------------------------------------------------

[2025-05-07T21:36:48+05:30] // ISO format in IST
Status: Failed
StatusCode: 500
Message: Customer is outside the listed geofences
Stack: Error: Customer is outside the listed geofences
    at appError (D:\Famto_Works\Famto_Backend_Native\utils\appError.js:2:13)
    at getAllBusinessCategoryController (D:\Famto_Works\Famto_Backend_Native\controllers\customer\universalOrderController.js:72:19)
    at process.processTicksAndRejections (node:internal/process/task_queues:105:5)
URL: /api/v1/customers/all-business-categories?query=
Method: POST
IP: ::ffff:192.168.1.4
--------------------------------------------------------

[2025-05-07T21:36:53+05:30] // ISO format in IST
Status: Failed
StatusCode: 400
Message: Selected location is outside our geofence
Stack: Error: Selected location is outside our geofence
    at appError (D:\Famto_Works\Famto_Backend_Native\utils\appError.js:2:13)
    at setSelectedGeofence (D:\Famto_Works\Famto_Backend_Native\controllers\customer\customerController.js:158:19)
    at process.processTicksAndRejections (node:internal/process/task_queues:105:5)
URL: /api/v1/customers/set-geofence
Method: POST
IP: ::ffff:192.168.1.4
--------------------------------------------------------

[2025-05-07T21:38:15+05:30] // ISO format in IST
Status: Failed
StatusCode: 500
Message: Customer is outside the listed geofences
Stack: Error: Customer is outside the listed geofences
    at appError (D:\Famto_Works\Famto_Backend_Native\utils\appError.js:2:13)
    at getAllBusinessCategoryController (D:\Famto_Works\Famto_Backend_Native\controllers\customer\universalOrderController.js:72:19)
    at process.processTicksAndRejections (node:internal/process/task_queues:105:5)
URL: /api/v1/customers/all-business-categories?query=
Method: POST
IP: ::ffff:192.168.1.4
--------------------------------------------------------

[2025-05-07T21:38:50+05:30] // ISO format in IST
Status: Failed
StatusCode: 400
Message: Selected location is outside our geofence
Stack: Error: Selected location is outside our geofence
    at appError (D:\Famto_Works\Famto_Backend_Native\utils\appError.js:2:13)
    at setSelectedGeofence (D:\Famto_Works\Famto_Backend_Native\controllers\customer\customerController.js:158:19)
    at process.processTicksAndRejections (node:internal/process/task_queues:105:5)
URL: /api/v1/customers/set-geofence
Method: POST
IP: ::ffff:192.168.1.4
--------------------------------------------------------

[2025-05-07T21:44:19+05:30] // ISO format in IST
Status: Failed
StatusCode: 400
Message: Selected location is outside our geofence
Stack: Error: Selected location is outside our geofence
    at appError (D:\Famto_Works\Famto_Backend_Native\utils\appError.js:2:13)
    at setSelectedGeofence (D:\Famto_Works\Famto_Backend_Native\controllers\customer\customerController.js:158:19)
    at process.processTicksAndRejections (node:internal/process/task_queues:105:5)
URL: /api/v1/customers/set-geofence
Method: POST
IP: ::ffff:192.168.1.4
--------------------------------------------------------

[2025-05-07T21:44:31+05:30] // ISO format in IST
Status: Failed
StatusCode: 400
Message: Selected location is outside our geofence
Stack: Error: Selected location is outside our geofence
    at appError (D:\Famto_Works\Famto_Backend_Native\utils\appError.js:2:13)
    at setSelectedGeofence (D:\Famto_Works\Famto_Backend_Native\controllers\customer\customerController.js:158:19)
    at process.processTicksAndRejections (node:internal/process/task_queues:105:5)
URL: /api/v1/customers/set-geofence
Method: POST
IP: ::ffff:192.168.1.4
--------------------------------------------------------

[2025-05-07T21:53:54+05:30] // ISO format in IST
Status: Failed
StatusCode: 500
Message: Customer is outside the listed geofences
Stack: Error: Customer is outside the listed geofences
    at appError (D:\Famto_Works\Famto_Backend_Native\utils\appError.js:2:13)
    at getAllBusinessCategoryController (D:\Famto_Works\Famto_Backend_Native\controllers\customer\universalOrderController.js:72:19)
    at process.processTicksAndRejections (node:internal/process/task_queues:105:5)
URL: /api/v1/customers/all-business-categories?query=
Method: POST
IP: ::ffff:192.168.1.4
--------------------------------------------------------

[2025-05-07T21:54:04+05:30] // ISO format in IST
Status: Failed
StatusCode: 400
Message: Selected location is outside our geofence
Stack: Error: Selected location is outside our geofence
    at appError (D:\Famto_Works\Famto_Backend_Native\utils\appError.js:2:13)
    at setSelectedGeofence (D:\Famto_Works\Famto_Backend_Native\controllers\customer\customerController.js:158:19)
    at process.processTicksAndRejections (node:internal/process/task_queues:105:5)
URL: /api/v1/customers/set-geofence
Method: POST
IP: ::ffff:192.168.1.4
--------------------------------------------------------

[2025-05-07T22:00:45+05:30] // ISO format in IST
Status: Failed
StatusCode: 400
Message: Selected location is outside our geofence
Stack: Error: Selected location is outside our geofence
    at appError (D:\Famto_Works\Famto_Backend_Native\utils\appError.js:2:13)
    at setSelectedGeofence (D:\Famto_Works\Famto_Backend_Native\controllers\customer\customerController.js:158:19)
    at process.processTicksAndRejections (node:internal/process/task_queues:105:5)
URL: /api/v1/customers/set-geofence
Method: POST
IP: ::ffff:192.168.1.4
--------------------------------------------------------

[2025-05-07T22:02:31+05:30] // ISO format in IST
Status: Failed
StatusCode: 400
Message: Selected location is outside our geofence
Stack: Error: Selected location is outside our geofence
    at appError (D:\Famto_Works\Famto_Backend_Native\utils\appError.js:2:13)
    at setSelectedGeofence (D:\Famto_Works\Famto_Backend_Native\controllers\customer\customerController.js:158:19)
    at process.processTicksAndRejections (node:internal/process/task_queues:105:5)
URL: /api/v1/customers/set-geofence
Method: POST
IP: ::ffff:192.168.1.4
--------------------------------------------------------

[2025-05-07T22:08:24+05:30] // ISO format in IST
Status: Failed
StatusCode: 400
Message: Selected location is outside our geofence
Stack: Error: Selected location is outside our geofence
    at appError (D:\Famto_Works\Famto_Backend_Native\utils\appError.js:2:13)
    at setSelectedGeofence (D:\Famto_Works\Famto_Backend_Native\controllers\customer\customerController.js:158:19)
    at process.processTicksAndRejections (node:internal/process/task_queues:105:5)
URL: /api/v1/customers/set-geofence
Method: POST
IP: ::ffff:192.168.1.4
--------------------------------------------------------

[2025-05-07T22:14:39+05:30] // ISO format in IST
Status: Failed
StatusCode: 400
Message: Selected location is outside our geofence
Stack: Error: Selected location is outside our geofence
    at appError (D:\Famto_Works\Famto_Backend_Native\utils\appError.js:2:13)
    at setSelectedGeofence (D:\Famto_Works\Famto_Backend_Native\controllers\customer\customerController.js:158:19)
    at process.processTicksAndRejections (node:internal/process/task_queues:105:5)
URL: /api/v1/customers/set-geofence
Method: POST
IP: ::ffff:192.168.1.4
--------------------------------------------------------

[2025-05-07T22:14:52+05:30] // ISO format in IST
Status: Failed
StatusCode: 400
Message: Selected location is outside our geofence
Stack: Error: Selected location is outside our geofence
    at appError (D:\Famto_Works\Famto_Backend_Native\utils\appError.js:2:13)
    at setSelectedGeofence (D:\Famto_Works\Famto_Backend_Native\controllers\customer\customerController.js:158:19)
    at process.processTicksAndRejections (node:internal/process/task_queues:105:5)
URL: /api/v1/customers/set-geofence
Method: POST
IP: ::ffff:192.168.1.4
--------------------------------------------------------

[2025-05-07T22:16:41+05:30] // ISO format in IST
Status: Failed
StatusCode: 400
Message: Selected location is outside our geofence
Stack: Error: Selected location is outside our geofence
    at appError (D:\Famto_Works\Famto_Backend_Native\utils\appError.js:2:13)
    at setSelectedGeofence (D:\Famto_Works\Famto_Backend_Native\controllers\customer\customerController.js:158:19)
    at process.processTicksAndRejections (node:internal/process/task_queues:105:5)
URL: /api/v1/customers/set-geofence
Method: POST
IP: ::ffff:192.168.1.4
--------------------------------------------------------

[2025-05-07T22:16:42+05:30] // ISO format in IST
Status: Failed
StatusCode: 400
Message: Selected location is outside our geofence
Stack: Error: Selected location is outside our geofence
    at appError (D:\Famto_Works\Famto_Backend_Native\utils\appError.js:2:13)
    at setSelectedGeofence (D:\Famto_Works\Famto_Backend_Native\controllers\customer\customerController.js:158:19)
    at process.processTicksAndRejections (node:internal/process/task_queues:105:5)
URL: /api/v1/customers/set-geofence
Method: POST
IP: ::ffff:192.168.1.4
--------------------------------------------------------

[2025-05-07T22:16:51+05:30] // ISO format in IST
Status: Failed
StatusCode: 400
Message: Selected location is outside our geofence
Stack: Error: Selected location is outside our geofence
    at appError (D:\Famto_Works\Famto_Backend_Native\utils\appError.js:2:13)
    at setSelectedGeofence (D:\Famto_Works\Famto_Backend_Native\controllers\customer\customerController.js:158:19)
    at process.processTicksAndRejections (node:internal/process/task_queues:105:5)
URL: /api/v1/customers/set-geofence
Method: POST
IP: ::ffff:192.168.1.4
--------------------------------------------------------
