
[2025-04-08T11:30:43.904Z]
Status: Failed
StatusCode: 401
Message: Invalid refresh token or user not found
Stack: Error: Invalid refresh token or user not found
    at appError (D:\Famto_Works\Famto_Backend_Native\utils\appError.js:2:13)
    at refreshTokenController (D:\Famto_Works\Famto_Backend_Native\controllers\admin\authController.js:142:19)
    at process.processTicksAndRejections (node:internal/process/task_queues:105:5)
URL: /api/v1/auth/refresh-token
Method: POST
IP: ::1
--------------------------------------------------------

[2025-04-08T11:33:01.679Z]
Status: Failed
StatusCode: 401
Message: Invalid refresh token or user not found
Stack: Error: Invalid refresh token or user not found
    at appError (D:\Famto_Works\Famto_Backend_Native\utils\appError.js:2:13)
    at refreshTokenController (D:\Famto_Works\Famto_Backend_Native\controllers\admin\authController.js:141:19)
    at process.processTicksAndRejections (node:internal/process/task_queues:105:5)
URL: /api/v1/auth/refresh-token
Method: POST
IP: ::1
--------------------------------------------------------

[2025-04-08T11:33:01.725Z]
Status: Failed
StatusCode: 401
Message: Invalid refresh token or user not found
Stack: Error: Invalid refresh token or user not found
    at appError (D:\Famto_Works\Famto_Backend_Native\utils\appError.js:2:13)
    at refreshTokenController (D:\Famto_Works\Famto_Backend_Native\controllers\admin\authController.js:141:19)
    at process.processTicksAndRejections (node:internal/process/task_queues:105:5)
URL: /api/v1/auth/refresh-token
Method: POST
IP: ::1
--------------------------------------------------------

[2025-04-08T11:33:22.167Z]
Status: Failed
StatusCode: 401
Message: Invalid refresh token or user not found
Stack: Error: Invalid refresh token or user not found
    at appError (D:\Famto_Works\Famto_Backend_Native\utils\appError.js:2:13)
    at refreshTokenController (D:\Famto_Works\Famto_Backend_Native\controllers\admin\authController.js:141:19)
    at process.processTicksAndRejections (node:internal/process/task_queues:105:5)
URL: /api/v1/auth/refresh-token
Method: POST
IP: ::1
--------------------------------------------------------

[2025-04-08T11:34:22.492Z]
Status: Failed
StatusCode: 401
Message: Invalid refresh token or user not found
Stack: Error: Invalid refresh token or user not found
    at appError (D:\Famto_Works\Famto_Backend_Native\utils\appError.js:2:13)
    at refreshTokenController (D:\Famto_Works\Famto_Backend_Native\controllers\admin\authController.js:141:19)
    at process.processTicksAndRejections (node:internal/process/task_queues:105:5)
URL: /api/v1/auth/refresh-token
Method: POST
IP: ::1
--------------------------------------------------------

[2025-04-08T11:34:27.517Z]
Status: Failed
StatusCode: 401
Message: Invalid refresh token or user not found
Stack: Error: Invalid refresh token or user not found
    at appError (D:\Famto_Works\Famto_Backend_Native\utils\appError.js:2:13)
    at refreshTokenController (D:\Famto_Works\Famto_Backend_Native\controllers\admin\authController.js:141:19)
    at process.processTicksAndRejections (node:internal/process/task_queues:105:5)
URL: /api/v1/auth/refresh-token
Method: POST
IP: ::1
--------------------------------------------------------

[2025-04-08T11:34:29.762Z]
Status: Failed
StatusCode: 401
Message: Invalid refresh token or user not found
Stack: Error: Invalid refresh token or user not found
    at appError (D:\Famto_Works\Famto_Backend_Native\utils\appError.js:2:13)
    at refreshTokenController (D:\Famto_Works\Famto_Backend_Native\controllers\admin\authController.js:141:19)
    at process.processTicksAndRejections (node:internal/process/task_queues:105:5)
URL: /api/v1/auth/refresh-token
Method: POST
IP: ::1
--------------------------------------------------------

[2025-04-08T11:34:31.490Z]
Status: Failed
StatusCode: 401
Message: Invalid refresh token or user not found
Stack: Error: Invalid refresh token or user not found
    at appError (D:\Famto_Works\Famto_Backend_Native\utils\appError.js:2:13)
    at refreshTokenController (D:\Famto_Works\Famto_Backend_Native\controllers\admin\authController.js:141:19)
    at process.processTicksAndRejections (node:internal/process/task_queues:105:5)
URL: /api/v1/auth/refresh-token
Method: POST
IP: ::1
--------------------------------------------------------

[2025-04-08T11:34:35.807Z]
Status: Failed
StatusCode: 401
Message: Invalid refresh token or user not found
Stack: Error: Invalid refresh token or user not found
    at appError (D:\Famto_Works\Famto_Backend_Native\utils\appError.js:2:13)
    at refreshTokenController (D:\Famto_Works\Famto_Backend_Native\controllers\admin\authController.js:141:19)
    at process.processTicksAndRejections (node:internal/process/task_queues:105:5)
URL: /api/v1/auth/refresh-token
Method: POST
IP: ::1
--------------------------------------------------------

[2025-04-08T11:34:38.779Z]
Status: Failed
StatusCode: 401
Message: Invalid refresh token or user not found
Stack: Error: Invalid refresh token or user not found
    at appError (D:\Famto_Works\Famto_Backend_Native\utils\appError.js:2:13)
    at refreshTokenController (D:\Famto_Works\Famto_Backend_Native\controllers\admin\authController.js:141:19)
    at process.processTicksAndRejections (node:internal/process/task_queues:105:5)
URL: /api/v1/auth/refresh-token
Method: POST
IP: ::1
--------------------------------------------------------
