
[2025-04-30T15:52:54+05:30] // ISO format in IST
Status: Failed
StatusCode: 500
Message: pareFloat is not defined
Stack: Error: pareFloat is not defined
    at appError (D:\Famto_Works\Famto_Backend_Native\utils\appError.js:2:13)
    at addMoneyToWalletController (D:\Famto_Works\Famto_Backend_Native\controllers\admin\customer\customerController.js:589:10)
    at Layer.handle [as handle_request] (D:\Famto_Works\Famto_Backend_Native\node_modules\express\lib\router\layer.js:95:5)
    at next (D:\Famto_Works\Famto_Backend_Native\node_modules\express\lib\router\route.js:149:13)
    at isAdmin (D:\Famto_Works\Famto_Backend_Native\middlewares\isAdmin.js:24:14)
    at process.processTicksAndRejections (node:internal/process/task_queues:105:5)
URL: /api/v1/admin/customers/add-money-to-wallet/C241213
Method: PATCH
IP: ::1
--------------------------------------------------------

[2025-04-30T15:54:51+05:30] // ISO format in IST
Status: Failed
StatusCode: 404
Message: Invalid refresh token or user not found
Stack: Error: Invalid refresh token or user not found
    at appError (D:\Famto_Works\Famto_Backend_Native\utils\appError.js:2:13)
    at refreshTokenController (D:\Famto_Works\Famto_Backend_Native\controllers\admin\authController.js:132:19)
    at process.processTicksAndRejections (node:internal/process/task_queues:105:5)
URL: /api/v1/auth/refresh-token
Method: POST
IP: ::ffff:192.168.1.4
--------------------------------------------------------

[2025-04-30T15:54:51+05:30] // ISO format in IST
Status: Failed
StatusCode: 404
Message: Invalid refresh token or user not found
Stack: Error: Invalid refresh token or user not found
    at appError (D:\Famto_Works\Famto_Backend_Native\utils\appError.js:2:13)
    at refreshTokenController (D:\Famto_Works\Famto_Backend_Native\controllers\admin\authController.js:132:19)
    at process.processTicksAndRejections (node:internal/process/task_queues:105:5)
URL: /api/v1/auth/refresh-token
Method: POST
IP: ::ffff:192.168.1.4
--------------------------------------------------------

[2025-04-30T15:55:20+05:30] // ISO format in IST
Status: Failed
StatusCode: 400
Message: Selected location is outside our geofence
Stack: Error: Selected location is outside our geofence
    at appError (D:\Famto_Works\Famto_Backend_Native\utils\appError.js:2:13)
    at setSelectedGeofence (D:\Famto_Works\Famto_Backend_Native\controllers\customer\customerController.js:158:19)
    at process.processTicksAndRejections (node:internal/process/task_queues:105:5)
URL: /api/v1/customers/set-geofence
Method: POST
IP: ::ffff:192.168.1.4
--------------------------------------------------------

[2025-04-30T15:55:31+05:30] // ISO format in IST
Status: Failed
StatusCode: 400
Message: Selected location is outside our geofence
Stack: Error: Selected location is outside our geofence
    at appError (D:\Famto_Works\Famto_Backend_Native\utils\appError.js:2:13)
    at setSelectedGeofence (D:\Famto_Works\Famto_Backend_Native\controllers\customer\customerController.js:158:19)
    at process.processTicksAndRejections (node:internal/process/task_queues:105:5)
URL: /api/v1/customers/set-geofence
Method: POST
IP: ::ffff:192.168.1.4
--------------------------------------------------------
