
[2025-04-16T12:10:48+05:30] // ISO format in IST
Status: Failed
StatusCode: 404
Message: Invalid refresh token or user not found
Stack: Error: Invalid refresh token or user not found
    at appError (D:\Famto_Works\Famto_Backend_Native\utils\appError.js:2:13)
    at refreshTokenController (D:\Famto_Works\Famto_Backend_Native\controllers\admin\authController.js:129:19)
    at process.processTicksAndRejections (node:internal/process/task_queues:105:5)
URL: /api/v1/auth/refresh-token
Method: POST
IP: ::1
--------------------------------------------------------

[2025-04-16T12:11:40+05:30] // ISO format in IST
Status: Failed
StatusCode: 500
Message: Incomplete address details
Stack: Error: Incomplete address details
    at appError (D:\Famto_Works\Famto_Backend_Native\utils\appError.js:2:13)
    at createInvoiceController (D:\Famto_Works\Famto_Backend_Native\controllers\admin\order\merchantOrderController.js:2160:10)
    at process.processTicksAndRejections (node:internal/process/task_queues:105:5)
URL: /api/v1/orders/create-order-invoice
Method: POST
IP: ::1
--------------------------------------------------------

[2025-04-16T14:14:35+05:30] // ISO format in IST
Status: Failed
StatusCode: 500
Message: Incomplete address details
Stack: Error: Incomplete address details
    at appError (D:\Famto_Works\Famto_Backend_Native\utils\appError.js:2:13)
    at createInvoiceController (D:\Famto_Works\Famto_Backend_Native\controllers\admin\order\merchantOrderController.js:2162:10)
    at process.processTicksAndRejections (node:internal/process/task_queues:105:5)
URL: /api/v1/orders/create-order-invoice
Method: POST
IP: ::1
--------------------------------------------------------

[2025-04-16T14:16:33+05:30] // ISO format in IST
Status: Failed
StatusCode: 500
Message: Incomplete address details
Stack: Error: Incomplete address details
    at appError (D:\Famto_Works\Famto_Backend_Native\utils\appError.js:2:13)
    at createInvoiceController (D:\Famto_Works\Famto_Backend_Native\controllers\admin\order\merchantOrderController.js:2162:10)
    at process.processTicksAndRejections (node:internal/process/task_queues:105:5)
URL: /api/v1/orders/create-order-invoice
Method: POST
IP: ::1
--------------------------------------------------------

[2025-04-16T14:18:50+05:30] // ISO format in IST
Status: Failed
StatusCode: 500
Message: Incomplete address details
Stack: Error: Incomplete address details
    at appError (D:\Famto_Works\Famto_Backend_Native\utils\appError.js:2:13)
    at createInvoiceController (D:\Famto_Works\Famto_Backend_Native\controllers\admin\order\merchantOrderController.js:2176:10)
    at process.processTicksAndRejections (node:internal/process/task_queues:105:5)
URL: /api/v1/orders/create-order-invoice
Method: POST
IP: ::1
--------------------------------------------------------

[2025-04-16T14:20:00+05:30] // ISO format in IST
Status: Failed
StatusCode: 500
Message: Cast to Number failed for value "NaN" (type string) at path "itemTotal"
Stack: Error: Cast to Number failed for value "NaN" (type string) at path "itemTotal"
    at appError (D:\Famto_Works\Famto_Backend_Native\utils\appError.js:2:13)
    at createInvoiceController (D:\Famto_Works\Famto_Backend_Native\controllers\admin\order\merchantOrderController.js:2176:10)
    at process.processTicksAndRejections (node:internal/process/task_queues:105:5)
URL: /api/v1/orders/create-order-invoice
Method: POST
IP: ::1
--------------------------------------------------------

[2025-04-16T14:26:21+05:30] // ISO format in IST
Status: Failed
StatusCode: 500
Message: Cannot read properties of undefined (reading 'toString')
Stack: Error: Cannot read properties of undefined (reading 'toString')
    at appError (D:\Famto_Works\Famto_Backend_Native\utils\appError.js:2:13)
    at createInvoiceController (D:\Famto_Works\Famto_Backend_Native\controllers\admin\order\merchantOrderController.js:2178:10)
    at process.processTicksAndRejections (node:internal/process/task_queues:105:5)
URL: /api/v1/orders/create-order-invoice
Method: POST
IP: ::1
--------------------------------------------------------

[2025-04-16T14:28:11+05:30] // ISO format in IST
Status: Failed
StatusCode: 500
Message: Cannot read properties of undefined (reading 'toString')
Stack: Error: Cannot read properties of undefined (reading 'toString')
    at appError (D:\Famto_Works\Famto_Backend_Native\utils\appError.js:2:13)
    at createInvoiceController (D:\Famto_Works\Famto_Backend_Native\controllers\admin\order\merchantOrderController.js:2182:10)
    at process.processTicksAndRejections (node:internal/process/task_queues:105:5)
URL: /api/v1/orders/create-order-invoice
Method: POST
IP: ::1
--------------------------------------------------------

[2025-04-16T14:28:51+05:30] // ISO format in IST
Status: Failed
StatusCode: 500
Message: Cannot read properties of undefined (reading 'toString')
Stack: Error: Cannot read properties of undefined (reading 'toString')
    at appError (D:\Famto_Works\Famto_Backend_Native\utils\appError.js:2:13)
    at createInvoiceController (D:\Famto_Works\Famto_Backend_Native\controllers\admin\order\merchantOrderController.js:2186:10)
    at process.processTicksAndRejections (node:internal/process/task_queues:105:5)
URL: /api/v1/orders/create-order-invoice
Method: POST
IP: ::1
--------------------------------------------------------

[2025-04-16T14:29:47+05:30] // ISO format in IST
Status: Failed
StatusCode: 500
Message: Cannot read properties of undefined (reading 'toString')
Stack: Error: Cannot read properties of undefined (reading 'toString')
    at appError (D:\Famto_Works\Famto_Backend_Native\utils\appError.js:2:13)
    at createInvoiceController (D:\Famto_Works\Famto_Backend_Native\controllers\admin\order\merchantOrderController.js:2194:10)
    at process.processTicksAndRejections (node:internal/process/task_queues:105:5)
URL: /api/v1/orders/create-order-invoice
Method: POST
IP: ::1
--------------------------------------------------------

[2025-04-16T14:47:33+05:30] // ISO format in IST
Status: Failed
StatusCode: 404
Message: Merchant not found
Stack: Error: Merchant not found
    at appError (D:\Famto_Works\Famto_Backend_Native\utils\appError.js:2:13)
    at getMerchantProfileController (D:\Famto_Works\Famto_Backend_Native\controllers\admin\merchant\merchantController.js:164:19)
    at process.processTicksAndRejections (node:internal/process/task_queues:105:5)
URL: /api/v1/merchants/profile
Method: GET
IP: ::1
--------------------------------------------------------

[2025-04-16T14:48:30+05:30] // ISO format in IST
Status: Failed
StatusCode: 500
Message: Cannot read properties of undefined (reading 'toString')
Stack: Error: Cannot read properties of undefined (reading 'toString')
    at appError (D:\Famto_Works\Famto_Backend_Native\utils\appError.js:2:13)
    at createOrderController (D:\Famto_Works\Famto_Backend_Native\controllers\admin\order\merchantOrderController.js:1693:10)
    at process.processTicksAndRejections (node:internal/process/task_queues:105:5)
URL: /api/v1/orders/create-order
Method: POST
IP: ::1
--------------------------------------------------------

[2025-04-16T14:48:34+05:30] // ISO format in IST
Status: Failed
StatusCode: 500
Message: Cannot read properties of undefined (reading 'toString')
Stack: Error: Cannot read properties of undefined (reading 'toString')
    at appError (D:\Famto_Works\Famto_Backend_Native\utils\appError.js:2:13)
    at createOrderController (D:\Famto_Works\Famto_Backend_Native\controllers\admin\order\merchantOrderController.js:1693:10)
    at process.processTicksAndRejections (node:internal/process/task_queues:105:5)
URL: /api/v1/orders/create-order
Method: POST
IP: ::1
--------------------------------------------------------

[2025-04-16T14:57:06+05:30] // ISO format in IST
Status: Failed
StatusCode: 404
Message: Cart not found
Stack: Error: Cart not found
    at appError (D:\Famto_Works\Famto_Backend_Native\utils\appError.js:2:13)
    at createOrderController (D:\Famto_Works\Famto_Backend_Native\controllers\admin\order\merchantOrderController.js:1382:33)
    at process.processTicksAndRejections (node:internal/process/task_queues:105:5)
URL: /api/v1/orders/create-order
Method: POST
IP: ::1
--------------------------------------------------------

[2025-04-16T14:57:10+05:30] // ISO format in IST
Status: Failed
StatusCode: 404
Message: Cart not found
Stack: Error: Cart not found
    at appError (D:\Famto_Works\Famto_Backend_Native\utils\appError.js:2:13)
    at createOrderController (D:\Famto_Works\Famto_Backend_Native\controllers\admin\order\merchantOrderController.js:1382:33)
    at process.processTicksAndRejections (node:internal/process/task_queues:105:5)
URL: /api/v1/orders/create-order
Method: POST
IP: ::1
--------------------------------------------------------

[2025-04-16T15:10:33+05:30] // ISO format in IST
Status: Failed
StatusCode: 404
Message: Scheduled order not found
Stack: Error: Scheduled order not found
    at appError (D:\Famto_Works\Famto_Backend_Native\utils\appError.js:2:13)
    at markScheduledOrderViewedController (D:\Famto_Works\Famto_Backend_Native\controllers\admin\order\merchantOrderController.js:2122:19)
    at process.processTicksAndRejections (node:internal/process/task_queues:105:5)
URL: /api/v1/orders/scheduled-order-view/O250419/M24083
Method: PUT
IP: ::1
--------------------------------------------------------

[2025-04-16T15:11:14+05:30] // ISO format in IST
Status: Failed
StatusCode: 404
Message: Scheduled order not found
Stack: Error: Scheduled order not found
    at appError (D:\Famto_Works\Famto_Backend_Native\utils\appError.js:2:13)
    at markScheduledOrderViewedController (D:\Famto_Works\Famto_Backend_Native\controllers\admin\order\merchantOrderController.js:2122:19)
    at process.processTicksAndRejections (node:internal/process/task_queues:105:5)
URL: /api/v1/orders/scheduled-order-view/O250419/M24083
Method: PUT
IP: ::1
--------------------------------------------------------
